2019-12-20 00:00:02,666 [INFO] [http-nio-8080-exec-1] o.a.catalina.core.ContainerBase.[Tomcat].[localhost].[/] [DirectJDKLog.java : 173] Initializing Spring DispatcherServlet 'dispatcherServlet'
2019-12-20 00:00:02,670 [INFO] [http-nio-8080-exec-1] org.springframework.web.servlet.DispatcherServlet [FrameworkServlet.java : 525] Initializing Servlet 'dispatcherServlet'
2019-12-20 00:00:02,678 [INFO] [http-nio-8080-exec-1] org.springframework.web.servlet.DispatcherServlet [FrameworkServlet.java : 547] Completed initialization in 8 ms
2019-12-20 00:00:02,751 [INFO] [http-nio-8080-exec-1] com.example.dwh.controller.SQLController [SQLController.java : 25] SQL语句：select * from dim_review limit 100
2019-12-20 00:00:40,641 [INFO] [SpringContextShutdownHook] o.s.scheduling.concurrent.ThreadPoolTaskExecutor [ExecutorConfigurationSupport.java : 208] Shutting down ExecutorService 'applicationTaskExecutor'
2019-12-20 00:00:45,032 [INFO] [main] com.example.dwh.DwhApplication [StartupInfoLogger.java : 55] Starting DwhApplication on shenjunjiedeMacBook-Pro.local with PID 29106 (/Users/hailuo/IdeaProjects/dwh/target/classes started by hailuo in /Users/hailuo/IdeaProjects/dwh)
2019-12-20 00:00:45,037 [INFO] [main] com.example.dwh.DwhApplication [SpringApplication.java : 651] No active profile set, falling back to default profiles: default
2019-12-20 00:00:45,713 [INFO] [main] o.s.data.repository.config.RepositoryConfigurationDelegate [RepositoryConfigurationDelegate.java : 127] Bootstrapping Spring Data Neo4j repositories in DEFAULT mode.
2019-12-20 00:00:45,733 [INFO] [main] o.s.data.repository.config.RepositoryConfigurationDelegate [RepositoryConfigurationDelegate.java : 187] Finished Spring Data repository scanning in 11ms. Found 0 Neo4j repository interfaces.
2019-12-20 00:00:46,016 [INFO] [main] o.s.c.s.PostProcessorRegistrationDelegate$BeanPostProcessorChecker [PostProcessorRegistrationDelegate.java : 330] Bean 'org.springframework.transaction.annotation.ProxyTransactionManagementConfiguration' of type [org.springframework.transaction.annotation.ProxyTransactionManagementConfiguration] is not eligible for getting processed by all BeanPostProcessors (for example: not eligible for auto-proxying)
2019-12-20 00:00:46,255 [INFO] [main] org.springframework.boot.web.embedded.tomcat.TomcatWebServer [TomcatWebServer.java : 92] Tomcat initialized with port(s): 8080 (http)
2019-12-20 00:00:46,266 [INFO] [main] org.apache.catalina.core.StandardService [DirectJDKLog.java : 173] Starting service [Tomcat]
2019-12-20 00:00:46,266 [INFO] [main] org.apache.catalina.core.StandardEngine [DirectJDKLog.java : 173] Starting Servlet engine: [Apache Tomcat/9.0.29]
2019-12-20 00:00:46,374 [INFO] [main] o.a.catalina.core.ContainerBase.[Tomcat].[localhost].[/] [DirectJDKLog.java : 173] Initializing Spring embedded WebApplicationContext
2019-12-20 00:00:46,375 [INFO] [main] org.springframework.web.context.ContextLoader [ServletWebServerApplicationContext.java : 284] Root WebApplicationContext: initialization completed in 1266 ms
2019-12-20 00:00:46,706 [WARN] [main] o.s.b.a.d.n.Neo4jDataAutoConfiguration$Neo4jWebConfiguration [Neo4jDataAutoConfiguration.java : 115] spring.data.neo4j.open-in-view is enabled by default.Therefore, database queries may be performed during view rendering. Explicitly configure spring.data.neo4j.open-in-view to disable this warning
2019-12-20 00:00:47,261 [INFO] [main] org.neo4j.ogm.metadata.DomainInfo [DomainInfo.java : 182] Starting Post-processing phase
2019-12-20 00:00:47,261 [INFO] [main] org.neo4j.ogm.metadata.DomainInfo [DomainInfo.java : 136] Building byLabel lookup maps
2019-12-20 00:00:47,262 [INFO] [main] org.neo4j.ogm.metadata.DomainInfo [DomainInfo.java : 163] Building interface class map for 8 classes
2019-12-20 00:00:47,269 [INFO] [main] org.neo4j.ogm.metadata.DomainInfo [DomainInfo.java : 239] Post-processing complete
2019-12-20 00:00:47,364 [INFO] [main] o.s.scheduling.concurrent.ThreadPoolTaskExecutor [ExecutorConfigurationSupport.java : 171] Initializing ExecutorService 'applicationTaskExecutor'
2019-12-20 00:00:47,589 [INFO] [main] org.springframework.data.neo4j.mapping.Neo4jMappingContext [Neo4jMappingContext.java : 176] No class information found in OGM meta-data for class org.springframework.jdbc.core.JdbcTemplate so treating as simple type for SD Commons
2019-12-20 00:00:47,592 [INFO] [main] org.springframework.data.neo4j.mapping.Neo4jMappingContext [Neo4jMappingContext.java : 80] Neo4jMappingContext initialisation completed
2019-12-20 00:00:47,668 [INFO] [main] org.springframework.boot.web.embedded.tomcat.TomcatWebServer [TomcatWebServer.java : 204] Tomcat started on port(s): 8080 (http) with context path ''
2019-12-20 00:00:47,673 [INFO] [main] com.example.dwh.DwhApplication [StartupInfoLogger.java : 61] Started DwhApplication in 3.186 seconds (JVM running for 3.682)
2019-12-20 00:00:48,672 [INFO] [SpringContextShutdownHook] o.s.scheduling.concurrent.ThreadPoolTaskExecutor [ExecutorConfigurationSupport.java : 208] Shutting down ExecutorService 'applicationTaskExecutor'
2019-12-20 00:01:22,739 [INFO] [main] com.example.dwh.DwhApplication [StartupInfoLogger.java : 55] Starting DwhApplication on shenjunjiedeMacBook-Pro.local with PID 29115 (/Users/hailuo/IdeaProjects/dwh/target/classes started by hailuo in /Users/hailuo/IdeaProjects/dwh)
2019-12-20 00:01:22,742 [INFO] [main] com.example.dwh.DwhApplication [SpringApplication.java : 651] No active profile set, falling back to default profiles: default
2019-12-20 00:01:23,406 [INFO] [main] o.s.data.repository.config.RepositoryConfigurationDelegate [RepositoryConfigurationDelegate.java : 127] Bootstrapping Spring Data Neo4j repositories in DEFAULT mode.
2019-12-20 00:01:23,427 [INFO] [main] o.s.data.repository.config.RepositoryConfigurationDelegate [RepositoryConfigurationDelegate.java : 187] Finished Spring Data repository scanning in 12ms. Found 0 Neo4j repository interfaces.
2019-12-20 00:01:23,710 [INFO] [main] o.s.c.s.PostProcessorRegistrationDelegate$BeanPostProcessorChecker [PostProcessorRegistrationDelegate.java : 330] Bean 'org.springframework.transaction.annotation.ProxyTransactionManagementConfiguration' of type [org.springframework.transaction.annotation.ProxyTransactionManagementConfiguration] is not eligible for getting processed by all BeanPostProcessors (for example: not eligible for auto-proxying)
2019-12-20 00:01:23,957 [INFO] [main] org.springframework.boot.web.embedded.tomcat.TomcatWebServer [TomcatWebServer.java : 92] Tomcat initialized with port(s): 8080 (http)
2019-12-20 00:01:23,969 [INFO] [main] org.apache.catalina.core.StandardService [DirectJDKLog.java : 173] Starting service [Tomcat]
2019-12-20 00:01:23,969 [INFO] [main] org.apache.catalina.core.StandardEngine [DirectJDKLog.java : 173] Starting Servlet engine: [Apache Tomcat/9.0.29]
2019-12-20 00:01:24,069 [INFO] [main] o.a.catalina.core.ContainerBase.[Tomcat].[localhost].[/] [DirectJDKLog.java : 173] Initializing Spring embedded WebApplicationContext
2019-12-20 00:01:24,070 [INFO] [main] org.springframework.web.context.ContextLoader [ServletWebServerApplicationContext.java : 284] Root WebApplicationContext: initialization completed in 1277 ms
2019-12-20 00:01:24,374 [WARN] [main] o.s.b.a.d.n.Neo4jDataAutoConfiguration$Neo4jWebConfiguration [Neo4jDataAutoConfiguration.java : 115] spring.data.neo4j.open-in-view is enabled by default.Therefore, database queries may be performed during view rendering. Explicitly configure spring.data.neo4j.open-in-view to disable this warning
2019-12-20 00:01:24,887 [INFO] [main] org.neo4j.ogm.metadata.DomainInfo [DomainInfo.java : 182] Starting Post-processing phase
2019-12-20 00:01:24,887 [INFO] [main] org.neo4j.ogm.metadata.DomainInfo [DomainInfo.java : 136] Building byLabel lookup maps
2019-12-20 00:01:24,888 [INFO] [main] org.neo4j.ogm.metadata.DomainInfo [DomainInfo.java : 163] Building interface class map for 8 classes
2019-12-20 00:01:24,896 [INFO] [main] org.neo4j.ogm.metadata.DomainInfo [DomainInfo.java : 239] Post-processing complete
2019-12-20 00:01:24,991 [INFO] [main] o.s.scheduling.concurrent.ThreadPoolTaskExecutor [ExecutorConfigurationSupport.java : 171] Initializing ExecutorService 'applicationTaskExecutor'
2019-12-20 00:01:25,209 [INFO] [main] org.springframework.data.neo4j.mapping.Neo4jMappingContext [Neo4jMappingContext.java : 176] No class information found in OGM meta-data for class org.springframework.jdbc.core.JdbcTemplate so treating as simple type for SD Commons
2019-12-20 00:01:25,213 [INFO] [main] org.springframework.data.neo4j.mapping.Neo4jMappingContext [Neo4jMappingContext.java : 80] Neo4jMappingContext initialisation completed
2019-12-20 00:01:25,293 [INFO] [main] org.springframework.boot.web.embedded.tomcat.TomcatWebServer [TomcatWebServer.java : 204] Tomcat started on port(s): 8080 (http) with context path ''
2019-12-20 00:01:25,298 [INFO] [main] com.example.dwh.DwhApplication [StartupInfoLogger.java : 61] Started DwhApplication in 3.23 seconds (JVM running for 3.642)
2019-12-20 00:01:30,077 [INFO] [http-nio-8080-exec-1] o.a.catalina.core.ContainerBase.[Tomcat].[localhost].[/] [DirectJDKLog.java : 173] Initializing Spring DispatcherServlet 'dispatcherServlet'
2019-12-20 00:01:30,078 [INFO] [http-nio-8080-exec-1] org.springframework.web.servlet.DispatcherServlet [FrameworkServlet.java : 525] Initializing Servlet 'dispatcherServlet'
2019-12-20 00:01:30,085 [INFO] [http-nio-8080-exec-1] org.springframework.web.servlet.DispatcherServlet [FrameworkServlet.java : 547] Completed initialization in 7 ms
2019-12-20 00:01:30,135 [INFO] [http-nio-8080-exec-1] com.example.dwh.controller.SQLController [SQLController.java : 25] SQL语句：select * from dim_review limit 100
2019-12-20 00:01:49,072 [INFO] [SpringContextShutdownHook] o.s.scheduling.concurrent.ThreadPoolTaskExecutor [ExecutorConfigurationSupport.java : 208] Shutting down ExecutorService 'applicationTaskExecutor'
2019-12-20 00:01:51,746 [INFO] [main] com.example.dwh.DwhApplication [StartupInfoLogger.java : 55] Starting DwhApplication on shenjunjiedeMacBook-Pro.local with PID 29124 (/Users/hailuo/IdeaProjects/dwh/target/classes started by hailuo in /Users/hailuo/IdeaProjects/dwh)
2019-12-20 00:01:51,749 [INFO] [main] com.example.dwh.DwhApplication [SpringApplication.java : 651] No active profile set, falling back to default profiles: default
2019-12-20 00:01:52,384 [INFO] [main] o.s.data.repository.config.RepositoryConfigurationDelegate [RepositoryConfigurationDelegate.java : 127] Bootstrapping Spring Data Neo4j repositories in DEFAULT mode.
2019-12-20 00:01:52,404 [INFO] [main] o.s.data.repository.config.RepositoryConfigurationDelegate [RepositoryConfigurationDelegate.java : 187] Finished Spring Data repository scanning in 11ms. Found 0 Neo4j repository interfaces.
2019-12-20 00:01:52,687 [INFO] [main] o.s.c.s.PostProcessorRegistrationDelegate$BeanPostProcessorChecker [PostProcessorRegistrationDelegate.java : 330] Bean 'org.springframework.transaction.annotation.ProxyTransactionManagementConfiguration' of type [org.springframework.transaction.annotation.ProxyTransactionManagementConfiguration] is not eligible for getting processed by all BeanPostProcessors (for example: not eligible for auto-proxying)
2019-12-20 00:01:52,915 [INFO] [main] org.springframework.boot.web.embedded.tomcat.TomcatWebServer [TomcatWebServer.java : 92] Tomcat initialized with port(s): 8080 (http)
2019-12-20 00:01:52,928 [INFO] [main] org.apache.catalina.core.StandardService [DirectJDKLog.java : 173] Starting service [Tomcat]
2019-12-20 00:01:52,928 [INFO] [main] org.apache.catalina.core.StandardEngine [DirectJDKLog.java : 173] Starting Servlet engine: [Apache Tomcat/9.0.29]
2019-12-20 00:01:53,037 [INFO] [main] o.a.catalina.core.ContainerBase.[Tomcat].[localhost].[/] [DirectJDKLog.java : 173] Initializing Spring embedded WebApplicationContext
2019-12-20 00:01:53,037 [INFO] [main] org.springframework.web.context.ContextLoader [ServletWebServerApplicationContext.java : 284] Root WebApplicationContext: initialization completed in 1243 ms
2019-12-20 00:01:53,328 [WARN] [main] o.s.b.a.d.n.Neo4jDataAutoConfiguration$Neo4jWebConfiguration [Neo4jDataAutoConfiguration.java : 115] spring.data.neo4j.open-in-view is enabled by default.Therefore, database queries may be performed during view rendering. Explicitly configure spring.data.neo4j.open-in-view to disable this warning
2019-12-20 00:01:53,577 [INFO] [main] org.neo4j.ogm.metadata.DomainInfo [DomainInfo.java : 182] Starting Post-processing phase
2019-12-20 00:01:53,578 [INFO] [main] org.neo4j.ogm.metadata.DomainInfo [DomainInfo.java : 136] Building byLabel lookup maps
2019-12-20 00:01:53,578 [INFO] [main] org.neo4j.ogm.metadata.DomainInfo [DomainInfo.java : 163] Building interface class map for 8 classes
2019-12-20 00:01:53,586 [INFO] [main] org.neo4j.ogm.metadata.DomainInfo [DomainInfo.java : 239] Post-processing complete
2019-12-20 00:01:53,675 [INFO] [main] o.s.scheduling.concurrent.ThreadPoolTaskExecutor [ExecutorConfigurationSupport.java : 171] Initializing ExecutorService 'applicationTaskExecutor'
2019-12-20 00:01:53,877 [INFO] [main] org.springframework.data.neo4j.mapping.Neo4jMappingContext [Neo4jMappingContext.java : 176] No class information found in OGM meta-data for class org.springframework.jdbc.core.JdbcTemplate so treating as simple type for SD Commons
2019-12-20 00:01:53,879 [INFO] [main] org.springframework.data.neo4j.mapping.Neo4jMappingContext [Neo4jMappingContext.java : 80] Neo4jMappingContext initialisation completed
2019-12-20 00:01:53,948 [INFO] [main] org.springframework.boot.web.embedded.tomcat.TomcatWebServer [TomcatWebServer.java : 204] Tomcat started on port(s): 8080 (http) with context path ''
2019-12-20 00:01:53,952 [INFO] [main] com.example.dwh.DwhApplication [StartupInfoLogger.java : 61] Started DwhApplication in 2.699 seconds (JVM running for 3.06)
2019-12-20 00:01:57,157 [INFO] [http-nio-8080-exec-1] o.a.catalina.core.ContainerBase.[Tomcat].[localhost].[/] [DirectJDKLog.java : 173] Initializing Spring DispatcherServlet 'dispatcherServlet'
2019-12-20 00:01:57,159 [INFO] [http-nio-8080-exec-1] org.springframework.web.servlet.DispatcherServlet [FrameworkServlet.java : 525] Initializing Servlet 'dispatcherServlet'
2019-12-20 00:01:57,170 [INFO] [http-nio-8080-exec-1] org.springframework.web.servlet.DispatcherServlet [FrameworkServlet.java : 547] Completed initialization in 10 ms
2019-12-20 00:01:57,217 [INFO] [http-nio-8080-exec-1] com.example.dwh.controller.SQLController [SQLController.java : 25] SQL语句：select * from dim_review limit 100
2019-12-20 00:02:05,350 [INFO] [SpringContextShutdownHook] o.s.scheduling.concurrent.ThreadPoolTaskExecutor [ExecutorConfigurationSupport.java : 208] Shutting down ExecutorService 'applicationTaskExecutor'
2019-12-20 00:02:36,579 [INFO] [main] com.example.dwh.DwhApplication [StartupInfoLogger.java : 55] Starting DwhApplication on shenjunjiedeMacBook-Pro.local with PID 29133 (/Users/hailuo/IdeaProjects/dwh/target/classes started by hailuo in /Users/hailuo/IdeaProjects/dwh)
2019-12-20 00:02:36,582 [INFO] [main] com.example.dwh.DwhApplication [SpringApplication.java : 651] No active profile set, falling back to default profiles: default
2019-12-20 00:02:37,197 [INFO] [main] o.s.data.repository.config.RepositoryConfigurationDelegate [RepositoryConfigurationDelegate.java : 127] Bootstrapping Spring Data Neo4j repositories in DEFAULT mode.
2019-12-20 00:02:37,216 [INFO] [main] o.s.data.repository.config.RepositoryConfigurationDelegate [RepositoryConfigurationDelegate.java : 187] Finished Spring Data repository scanning in 10ms. Found 0 Neo4j repository interfaces.
2019-12-20 00:02:37,490 [INFO] [main] o.s.c.s.PostProcessorRegistrationDelegate$BeanPostProcessorChecker [PostProcessorRegistrationDelegate.java : 330] Bean 'org.springframework.transaction.annotation.ProxyTransactionManagementConfiguration' of type [org.springframework.transaction.annotation.ProxyTransactionManagementConfiguration] is not eligible for getting processed by all BeanPostProcessors (for example: not eligible for auto-proxying)
2019-12-20 00:02:37,723 [INFO] [main] org.springframework.boot.web.embedded.tomcat.TomcatWebServer [TomcatWebServer.java : 92] Tomcat initialized with port(s): 8080 (http)
2019-12-20 00:02:37,742 [INFO] [main] org.apache.catalina.core.StandardService [DirectJDKLog.java : 173] Starting service [Tomcat]
2019-12-20 00:02:37,743 [INFO] [main] org.apache.catalina.core.StandardEngine [DirectJDKLog.java : 173] Starting Servlet engine: [Apache Tomcat/9.0.29]
2019-12-20 00:02:37,844 [INFO] [main] o.a.catalina.core.ContainerBase.[Tomcat].[localhost].[/] [DirectJDKLog.java : 173] Initializing Spring embedded WebApplicationContext
2019-12-20 00:02:37,844 [INFO] [main] org.springframework.web.context.ContextLoader [ServletWebServerApplicationContext.java : 284] Root WebApplicationContext: initialization completed in 1215 ms
2019-12-20 00:02:38,148 [WARN] [main] o.s.b.a.d.n.Neo4jDataAutoConfiguration$Neo4jWebConfiguration [Neo4jDataAutoConfiguration.java : 115] spring.data.neo4j.open-in-view is enabled by default.Therefore, database queries may be performed during view rendering. Explicitly configure spring.data.neo4j.open-in-view to disable this warning
2019-12-20 00:02:38,679 [INFO] [main] org.neo4j.ogm.metadata.DomainInfo [DomainInfo.java : 182] Starting Post-processing phase
2019-12-20 00:02:38,679 [INFO] [main] org.neo4j.ogm.metadata.DomainInfo [DomainInfo.java : 136] Building byLabel lookup maps
2019-12-20 00:02:38,680 [INFO] [main] org.neo4j.ogm.metadata.DomainInfo [DomainInfo.java : 163] Building interface class map for 8 classes
2019-12-20 00:02:38,689 [INFO] [main] org.neo4j.ogm.metadata.DomainInfo [DomainInfo.java : 239] Post-processing complete
2019-12-20 00:02:38,780 [INFO] [main] o.s.scheduling.concurrent.ThreadPoolTaskExecutor [ExecutorConfigurationSupport.java : 171] Initializing ExecutorService 'applicationTaskExecutor'
2019-12-20 00:02:39,003 [INFO] [main] org.springframework.data.neo4j.mapping.Neo4jMappingContext [Neo4jMappingContext.java : 176] No class information found in OGM meta-data for class org.springframework.jdbc.core.JdbcTemplate so treating as simple type for SD Commons
2019-12-20 00:02:39,006 [INFO] [main] org.springframework.data.neo4j.mapping.Neo4jMappingContext [Neo4jMappingContext.java : 80] Neo4jMappingContext initialisation completed
2019-12-20 00:02:39,084 [INFO] [main] org.springframework.boot.web.embedded.tomcat.TomcatWebServer [TomcatWebServer.java : 204] Tomcat started on port(s): 8080 (http) with context path ''
2019-12-20 00:02:39,088 [INFO] [main] com.example.dwh.DwhApplication [StartupInfoLogger.java : 61] Started DwhApplication in 2.999 seconds (JVM running for 3.365)
2019-12-20 00:02:43,036 [INFO] [http-nio-8080-exec-1] o.a.catalina.core.ContainerBase.[Tomcat].[localhost].[/] [DirectJDKLog.java : 173] Initializing Spring DispatcherServlet 'dispatcherServlet'
2019-12-20 00:02:43,038 [INFO] [http-nio-8080-exec-1] org.springframework.web.servlet.DispatcherServlet [FrameworkServlet.java : 525] Initializing Servlet 'dispatcherServlet'
2019-12-20 00:02:43,045 [INFO] [http-nio-8080-exec-1] org.springframework.web.servlet.DispatcherServlet [FrameworkServlet.java : 547] Completed initialization in 7 ms
2019-12-20 00:02:43,095 [INFO] [http-nio-8080-exec-1] com.example.dwh.controller.SQLController [SQLController.java : 25] SQL语句：select * from dim_review limit 100
2019-12-20 00:02:50,668 [INFO] [http-nio-8080-exec-2] com.example.dwh.controller.SQLController [SQLController.java : 25] SQL语句：select * from dim_review limit 100
2019-12-20 00:02:56,769 [INFO] [http-nio-8080-exec-4] com.example.dwh.controller.SQLController [SQLController.java : 25] SQL语句：select * from dim_review limit 100
2019-12-20 00:03:03,866 [INFO] [http-nio-8080-exec-5] com.example.dwh.controller.SQLController [SQLController.java : 25] SQL语句：select * from dim_review limit 100
2019-12-20 00:03:09,904 [INFO] [http-nio-8080-exec-7] com.example.dwh.controller.SQLController [SQLController.java : 25] SQL语句：select * from dim_review limit 100
2019-12-20 00:03:41,055 [INFO] [http-nio-8080-exec-9] com.example.dwh.controller.SQLController [SQLController.java : 25] SQL语句：select * from dim_review limit 100
2019-12-20 00:04:07,258 [INFO] [http-nio-8080-exec-1] com.example.dwh.controller.SQLController [SQLController.java : 25] SQL语句：select * from dim_review limit 100
2019-12-20 00:04:31,878 [INFO] [http-nio-8080-exec-3] com.example.dwh.controller.SQLController [SQLController.java : 25] SQL语句：select * from dim_review
2019-12-20 00:08:23,476 [INFO] [http-nio-8080-exec-5] com.example.dwh.controller.SQLController [SQLController.java : 25] SQL语句：select * from dim_review
2019-12-20 00:08:37,292 [INFO] [SpringContextShutdownHook] o.s.scheduling.concurrent.ThreadPoolTaskExecutor [ExecutorConfigurationSupport.java : 208] Shutting down ExecutorService 'applicationTaskExecutor'
2019-12-20 00:08:43,232 [INFO] [main] com.example.dwh.DwhApplication [StartupInfoLogger.java : 55] Starting DwhApplication on shenjunjiedeMacBook-Pro.local with PID 29145 (/Users/hailuo/IdeaProjects/dwh/target/classes started by hailuo in /Users/hailuo/IdeaProjects/dwh)
2019-12-20 00:08:43,237 [INFO] [main] com.example.dwh.DwhApplication [SpringApplication.java : 651] No active profile set, falling back to default profiles: default
2019-12-20 00:08:43,881 [INFO] [main] o.s.data.repository.config.RepositoryConfigurationDelegate [RepositoryConfigurationDelegate.java : 127] Bootstrapping Spring Data Neo4j repositories in DEFAULT mode.
2019-12-20 00:08:43,903 [INFO] [main] o.s.data.repository.config.RepositoryConfigurationDelegate [RepositoryConfigurationDelegate.java : 187] Finished Spring Data repository scanning in 12ms. Found 0 Neo4j repository interfaces.
2019-12-20 00:08:44,209 [INFO] [main] o.s.c.s.PostProcessorRegistrationDelegate$BeanPostProcessorChecker [PostProcessorRegistrationDelegate.java : 330] Bean 'org.springframework.transaction.annotation.ProxyTransactionManagementConfiguration' of type [org.springframework.transaction.annotation.ProxyTransactionManagementConfiguration] is not eligible for getting processed by all BeanPostProcessors (for example: not eligible for auto-proxying)
2019-12-20 00:08:44,489 [INFO] [main] org.springframework.boot.web.embedded.tomcat.TomcatWebServer [TomcatWebServer.java : 92] Tomcat initialized with port(s): 8080 (http)
2019-12-20 00:08:44,510 [INFO] [main] org.apache.catalina.core.StandardService [DirectJDKLog.java : 173] Starting service [Tomcat]
2019-12-20 00:08:44,511 [INFO] [main] org.apache.catalina.core.StandardEngine [DirectJDKLog.java : 173] Starting Servlet engine: [Apache Tomcat/9.0.29]
2019-12-20 00:08:44,610 [INFO] [main] o.a.catalina.core.ContainerBase.[Tomcat].[localhost].[/] [DirectJDKLog.java : 173] Initializing Spring embedded WebApplicationContext
2019-12-20 00:08:44,611 [INFO] [main] org.springframework.web.context.ContextLoader [ServletWebServerApplicationContext.java : 284] Root WebApplicationContext: initialization completed in 1319 ms
2019-12-20 00:08:44,951 [WARN] [main] o.s.b.a.d.n.Neo4jDataAutoConfiguration$Neo4jWebConfiguration [Neo4jDataAutoConfiguration.java : 115] spring.data.neo4j.open-in-view is enabled by default.Therefore, database queries may be performed during view rendering. Explicitly configure spring.data.neo4j.open-in-view to disable this warning
2019-12-20 00:08:45,284 [INFO] [main] org.neo4j.ogm.metadata.DomainInfo [DomainInfo.java : 182] Starting Post-processing phase
2019-12-20 00:08:45,284 [INFO] [main] org.neo4j.ogm.metadata.DomainInfo [DomainInfo.java : 136] Building byLabel lookup maps
2019-12-20 00:08:45,285 [INFO] [main] org.neo4j.ogm.metadata.DomainInfo [DomainInfo.java : 163] Building interface class map for 8 classes
2019-12-20 00:08:45,297 [INFO] [main] org.neo4j.ogm.metadata.DomainInfo [DomainInfo.java : 239] Post-processing complete
2019-12-20 00:08:45,401 [INFO] [main] o.s.scheduling.concurrent.ThreadPoolTaskExecutor [ExecutorConfigurationSupport.java : 171] Initializing ExecutorService 'applicationTaskExecutor'
2019-12-20 00:08:45,625 [INFO] [main] org.springframework.data.neo4j.mapping.Neo4jMappingContext [Neo4jMappingContext.java : 176] No class information found in OGM meta-data for class org.springframework.jdbc.core.JdbcTemplate so treating as simple type for SD Commons
2019-12-20 00:08:45,628 [INFO] [main] org.springframework.data.neo4j.mapping.Neo4jMappingContext [Neo4jMappingContext.java : 80] Neo4jMappingContext initialisation completed
2019-12-20 00:08:45,704 [INFO] [main] org.springframework.boot.web.embedded.tomcat.TomcatWebServer [TomcatWebServer.java : 204] Tomcat started on port(s): 8080 (http) with context path ''
2019-12-20 00:08:45,708 [INFO] [main] com.example.dwh.DwhApplication [StartupInfoLogger.java : 61] Started DwhApplication in 3.16 seconds (JVM running for 3.571)
2019-12-20 00:09:02,146 [INFO] [http-nio-8080-exec-1] o.a.catalina.core.ContainerBase.[Tomcat].[localhost].[/] [DirectJDKLog.java : 173] Initializing Spring DispatcherServlet 'dispatcherServlet'
2019-12-20 00:09:02,148 [INFO] [http-nio-8080-exec-1] org.springframework.web.servlet.DispatcherServlet [FrameworkServlet.java : 525] Initializing Servlet 'dispatcherServlet'
2019-12-20 00:09:02,158 [INFO] [http-nio-8080-exec-1] org.springframework.web.servlet.DispatcherServlet [FrameworkServlet.java : 547] Completed initialization in 10 ms
2019-12-20 00:09:02,215 [INFO] [http-nio-8080-exec-1] com.example.dwh.controller.SQLController [SQLController.java : 25] SQL语句：select * from dim_review
2019-12-20 00:17:54,834 [INFO] [http-nio-8080-exec-1] com.example.dwh.controller.SQLController [SQLController.java : 30] org.springframework.dao.TransientDataAccessResourceException: 
### Error querying database.  Cause: java.sql.SQLException: Java heap space
### The error may exist in file [/Users/hailuo/IdeaProjects/dwh/target/classes/mapper/MySQLSqlMapper.xml]
### The error may involve com.example.dwh.mysql.MySQLSqlMapper.queryWithSql-Inline
### The error occurred while setting parameters
### SQL: select * from dim_review
### Cause: java.sql.SQLException: Java heap space
; Java heap space; nested exception is java.sql.SQLException: Java heap space
2019-12-20 00:17:55,097 [WARN] [http-nio-8080-exec-3] org.springframework.web.servlet.PageNotFound [DispatcherServlet.java : 1251] No mapping for GET /css/store.css
2019-12-20 00:18:50,168 [INFO] [http-nio-8080-exec-4] com.example.dwh.controller.SQLController [SQLController.java : 25] SQL语句：select * from dim_review limit 100
2019-12-20 00:18:50,232 [INFO] [http-nio-8080-exec-4] com.example.dwh.controller.SQLController [SQLController.java : 30] org.springframework.dao.TransientDataAccessResourceException: 
### Error querying database.  Cause: com.mysql.cj.jdbc.exceptions.PacketTooBigException: Packet for query is too large (6,955,105 > 4,194,304). You can change this value on the server by setting the 'max_allowed_packet' variable.
### The error may exist in file [/Users/hailuo/IdeaProjects/dwh/target/classes/mapper/MySQLSqlMapper.xml]
### The error may involve com.example.dwh.mysql.MySQLSqlMapper.queryWithSql-Inline
### The error occurred while setting parameters
### SQL: select * from dim_review limit 100
### Cause: com.mysql.cj.jdbc.exceptions.PacketTooBigException: Packet for query is too large (6,955,105 > 4,194,304). You can change this value on the server by setting the 'max_allowed_packet' variable.
; Packet for query is too large (6,955,105 > 4,194,304). You can change this value on the server by setting the 'max_allowed_packet' variable.; nested exception is com.mysql.cj.jdbc.exceptions.PacketTooBigException: Packet for query is too large (6,955,105 > 4,194,304). You can change this value on the server by setting the 'max_allowed_packet' variable.
2019-12-20 00:18:50,283 [WARN] [http-nio-8080-exec-5] org.springframework.web.servlet.PageNotFound [DispatcherServlet.java : 1251] No mapping for GET /css/store.css
2019-12-20 00:18:58,588 [INFO] [SpringContextShutdownHook] o.s.scheduling.concurrent.ThreadPoolTaskExecutor [ExecutorConfigurationSupport.java : 208] Shutting down ExecutorService 'applicationTaskExecutor'
2019-12-20 00:19:02,236 [INFO] [main] com.example.dwh.DwhApplication [StartupInfoLogger.java : 55] Starting DwhApplication on shenjunjiedeMacBook-Pro.local with PID 29173 (/Users/hailuo/IdeaProjects/dwh/target/classes started by hailuo in /Users/hailuo/IdeaProjects/dwh)
2019-12-20 00:19:02,240 [INFO] [main] com.example.dwh.DwhApplication [SpringApplication.java : 651] No active profile set, falling back to default profiles: default
2019-12-20 00:19:02,888 [INFO] [main] o.s.data.repository.config.RepositoryConfigurationDelegate [RepositoryConfigurationDelegate.java : 127] Bootstrapping Spring Data Neo4j repositories in DEFAULT mode.
2019-12-20 00:19:02,909 [INFO] [main] o.s.data.repository.config.RepositoryConfigurationDelegate [RepositoryConfigurationDelegate.java : 187] Finished Spring Data repository scanning in 12ms. Found 0 Neo4j repository interfaces.
2019-12-20 00:19:03,202 [INFO] [main] o.s.c.s.PostProcessorRegistrationDelegate$BeanPostProcessorChecker [PostProcessorRegistrationDelegate.java : 330] Bean 'org.springframework.transaction.annotation.ProxyTransactionManagementConfiguration' of type [org.springframework.transaction.annotation.ProxyTransactionManagementConfiguration] is not eligible for getting processed by all BeanPostProcessors (for example: not eligible for auto-proxying)
2019-12-20 00:19:03,466 [INFO] [main] org.springframework.boot.web.embedded.tomcat.TomcatWebServer [TomcatWebServer.java : 92] Tomcat initialized with port(s): 8080 (http)
2019-12-20 00:19:03,478 [INFO] [main] org.apache.catalina.core.StandardService [DirectJDKLog.java : 173] Starting service [Tomcat]
2019-12-20 00:19:03,479 [INFO] [main] org.apache.catalina.core.StandardEngine [DirectJDKLog.java : 173] Starting Servlet engine: [Apache Tomcat/9.0.29]
2019-12-20 00:19:03,579 [INFO] [main] o.a.catalina.core.ContainerBase.[Tomcat].[localhost].[/] [DirectJDKLog.java : 173] Initializing Spring embedded WebApplicationContext
2019-12-20 00:19:03,580 [INFO] [main] org.springframework.web.context.ContextLoader [ServletWebServerApplicationContext.java : 284] Root WebApplicationContext: initialization completed in 1288 ms
2019-12-20 00:19:03,921 [WARN] [main] o.s.b.a.d.n.Neo4jDataAutoConfiguration$Neo4jWebConfiguration [Neo4jDataAutoConfiguration.java : 115] spring.data.neo4j.open-in-view is enabled by default.Therefore, database queries may be performed during view rendering. Explicitly configure spring.data.neo4j.open-in-view to disable this warning
2019-12-20 00:19:04,257 [INFO] [main] org.neo4j.ogm.metadata.DomainInfo [DomainInfo.java : 182] Starting Post-processing phase
2019-12-20 00:19:04,258 [INFO] [main] org.neo4j.ogm.metadata.DomainInfo [DomainInfo.java : 136] Building byLabel lookup maps
2019-12-20 00:19:04,259 [INFO] [main] org.neo4j.ogm.metadata.DomainInfo [DomainInfo.java : 163] Building interface class map for 8 classes
2019-12-20 00:19:04,270 [INFO] [main] org.neo4j.ogm.metadata.DomainInfo [DomainInfo.java : 239] Post-processing complete
2019-12-20 00:19:04,373 [INFO] [main] o.s.scheduling.concurrent.ThreadPoolTaskExecutor [ExecutorConfigurationSupport.java : 171] Initializing ExecutorService 'applicationTaskExecutor'
2019-12-20 00:19:04,594 [INFO] [main] org.springframework.data.neo4j.mapping.Neo4jMappingContext [Neo4jMappingContext.java : 176] No class information found in OGM meta-data for class org.springframework.jdbc.core.JdbcTemplate so treating as simple type for SD Commons
2019-12-20 00:19:04,598 [INFO] [main] org.springframework.data.neo4j.mapping.Neo4jMappingContext [Neo4jMappingContext.java : 80] Neo4jMappingContext initialisation completed
2019-12-20 00:19:04,679 [INFO] [main] org.springframework.boot.web.embedded.tomcat.TomcatWebServer [TomcatWebServer.java : 204] Tomcat started on port(s): 8080 (http) with context path ''
2019-12-20 00:19:04,683 [INFO] [main] com.example.dwh.DwhApplication [StartupInfoLogger.java : 61] Started DwhApplication in 3.115 seconds (JVM running for 3.494)
2019-12-20 00:19:09,027 [INFO] [http-nio-8080-exec-1] o.a.catalina.core.ContainerBase.[Tomcat].[localhost].[/] [DirectJDKLog.java : 173] Initializing Spring DispatcherServlet 'dispatcherServlet'
2019-12-20 00:19:09,028 [INFO] [http-nio-8080-exec-1] org.springframework.web.servlet.DispatcherServlet [FrameworkServlet.java : 525] Initializing Servlet 'dispatcherServlet'
2019-12-20 00:19:09,037 [INFO] [http-nio-8080-exec-1] org.springframework.web.servlet.DispatcherServlet [FrameworkServlet.java : 547] Completed initialization in 8 ms
2019-12-20 00:19:09,093 [INFO] [http-nio-8080-exec-1] com.example.dwh.controller.SQLController [SQLController.java : 25] SQL语句：select * from dim_review limit 100
2019-12-20 00:19:16,933 [INFO] [http-nio-8080-exec-3] com.example.dwh.controller.SQLController [SQLController.java : 25] SQL语句：select * from dim_review limit 100
2019-12-20 00:19:23,943 [INFO] [http-nio-8080-exec-4] com.example.dwh.controller.SQLController [SQLController.java : 25] SQL语句：select * from dim_review limit 10000
2019-12-20 00:19:43,732 [INFO] [http-nio-8080-exec-5] com.example.dwh.controller.SQLController [SQLController.java : 25] SQL语句：select * from dim_review limit 10000
2019-12-20 00:20:10,435 [INFO] [http-nio-8080-exec-6] com.example.dwh.controller.SQLController [SQLController.java : 25] SQL语句：select * from dim_review limit 10000
2019-12-20 00:20:33,526 [INFO] [http-nio-8080-exec-8] com.example.dwh.controller.SQLController [SQLController.java : 25] SQL语句：select * from dim_review limit 100000
2019-12-20 00:25:58,170 [INFO] [http-nio-8080-exec-4] com.example.dwh.controller.SQLController [SQLController.java : 25] SQL语句：select * from review limit 100000
2019-12-20 00:25:58,638 [INFO] [http-nio-8080-exec-4] com.example.dwh.controller.SQLController [SQLController.java : 30] org.springframework.jdbc.BadSqlGrammarException: 
### Error querying database.  Cause: java.sql.SQLSyntaxErrorException: Table 'dwh.review' doesn't exist
### The error may exist in file [/Users/hailuo/IdeaProjects/dwh/target/classes/mapper/MySQLSqlMapper.xml]
### The error may involve com.example.dwh.mysql.MySQLSqlMapper.queryWithSql-Inline
### The error occurred while setting parameters
### SQL: select * from review limit 100000
### Cause: java.sql.SQLSyntaxErrorException: Table 'dwh.review' doesn't exist
; bad SQL grammar []; nested exception is java.sql.SQLSyntaxErrorException: Table 'dwh.review' doesn't exist
2019-12-20 00:26:15,254 [INFO] [http-nio-8080-exec-7] com.example.dwh.controller.SQLController [SQLController.java : 25] SQL语句：select * from dim_review limit 100000
2019-12-20 00:29:17,865 [INFO] [http-nio-8080-exec-3] com.example.dwh.controller.SQLController [SQLController.java : 25] SQL语句：select * from dim_review limit 100
2019-12-20 00:29:46,157 [INFO] [SpringContextShutdownHook] o.s.scheduling.concurrent.ThreadPoolTaskExecutor [ExecutorConfigurationSupport.java : 208] Shutting down ExecutorService 'applicationTaskExecutor'
